<?xml version="1.0" encoding="UTF-8"?>
<testng-results ignored="0" total="4" passed="3" failed="1" skipped="0">
  <reporter-output>
  </reporter-output>
  <suite started-at="2019-07-25T23:22:38Z" name="Upgrade_challenge" finished-at="2019-07-25T23:23:17Z" duration-ms="38396">
    <groups>
      <group name="function">
        <method signature="smoke.test01()[pri:0, instance:com.upgrade.challenge.testing.Web.tests.smoke@32cf48b7]" name="test01" class="com.upgrade.challenge.testing.Web.tests.smoke"/>
      </group> <!-- function -->
      <group name="smoke">
        <method signature="smoke.test01()[pri:0, instance:com.upgrade.challenge.testing.Web.tests.smoke@32cf48b7]" name="test01" class="com.upgrade.challenge.testing.Web.tests.smoke"/>
      </group> <!-- smoke -->
    </groups>
    <test started-at="2019-07-25T23:22:38Z" name="Web" finished-at="2019-07-25T23:23:15Z" duration-ms="36228">
      <class name="com.upgrade.challenge.testing.Web.tests.smoke">
        <test-method signature="test01()[pri:0, instance:com.upgrade.challenge.testing.Web.tests.smoke@32cf48b7]" started-at="2019-07-25T23:22:38Z" name="test01" description="Test case 01: sign in, request loan detail, and re-login to get loan detail again, compare two details" finished-at="2019-07-25T23:23:15Z" duration-ms="36211" status="PASS">
          <reporter-output>
          </reporter-output>
        </test-method> <!-- test01 -->
      </class> <!-- com.upgrade.challenge.testing.Web.tests.smoke -->
    </test> <!-- Web -->
    <test started-at="2019-07-25T23:23:15Z" name="API" finished-at="2019-07-25T23:23:17Z" duration-ms="2151">
      <class name="com.upgrade.challenge.testing.Web.tests.smoke">
        <test-method is-config="true" signature="setupBeforeSuite(org.testng.ITestContext)[pri:0, instance:com.upgrade.challenge.testing.Web.tests.smoke@32cf48b7]" started-at="2019-07-25T23:22:38Z" name="setupBeforeSuite" finished-at="2019-07-25T23:22:38Z" duration-ms="25" status="PASS">
          <params>
            <param index="0">
              <value>
                <![CDATA[org.testng.TestRunner@124eb83d]]>
              </value>
            </param>
          </params>
          <reporter-output>
          </reporter-output>
        </test-method> <!-- setupBeforeSuite -->
      </class> <!-- com.upgrade.challenge.testing.Web.tests.smoke -->
      <class name="com.upgrade.challenge.testing.API.testEndPoints.states">
        <test-method is-config="true" signature="getResponse()[pri:0, instance:com.upgrade.challenge.testing.API.testEndPoints.states@71248c21]" started-at="2019-07-25T23:23:15Z" name="getResponse" finished-at="2019-07-25T23:23:16Z" duration-ms="1641" status="PASS">
          <reporter-output>
          </reporter-output>
        </test-method> <!-- getResponse -->
        <test-method signature="test1_statesTotalSize48()[pri:0, instance:com.upgrade.challenge.testing.API.testEndPoints.states@71248c21]" started-at="2019-07-25T23:23:16Z" name="test1_statesTotalSize48" finished-at="2019-07-25T23:23:17Z" duration-ms="363" status="FAIL">
          <exception class="java.lang.AssertionError">
            <message>
              <![CDATA[
Expecting:
 <1>
to be equal to:
 <0>
but was not.]]>
            </message>
            <full-stacktrace>
              <![CDATA[java.lang.AssertionError: 
Expecting:
 <1>
to be equal to:
 <0>
but was not.
at com.upgrade.challenge.testing.API.testEndPoints.states.test1_statesTotalSize48(states.java:58)
at java.base/jdk.internal.reflect.NativeMethodAccessorImpl.invoke0(Native Method)
at java.base/jdk.internal.reflect.NativeMethodAccessorImpl.invoke(NativeMethodAccessorImpl.java:62)
at java.base/jdk.internal.reflect.DelegatingMethodAccessorImpl.invoke(DelegatingMethodAccessorImpl.java:43)
at java.base/java.lang.reflect.Method.invoke(Method.java:567)
at org.testng.internal.MethodInvocationHelper.invokeMethod(MethodInvocationHelper.java:124)
at org.testng.internal.Invoker.invokeMethod(Invoker.java:583)
at org.testng.internal.Invoker.invokeTestMethod(Invoker.java:719)
at org.testng.internal.Invoker.invokeTestMethods(Invoker.java:989)
at org.testng.internal.TestMethodWorker.invokeTestMethods(TestMethodWorker.java:125)
at org.testng.internal.TestMethodWorker.run(TestMethodWorker.java:109)
at org.testng.TestRunner.privateRun(TestRunner.java:648)
at org.testng.TestRunner.run(TestRunner.java:505)
at org.testng.SuiteRunner.runTest(SuiteRunner.java:455)
at org.testng.SuiteRunner.runSequentially(SuiteRunner.java:450)
at org.testng.SuiteRunner.privateRun(SuiteRunner.java:415)
at org.testng.SuiteRunner.run(SuiteRunner.java:364)
at org.testng.SuiteRunnerWorker.runSuite(SuiteRunnerWorker.java:52)
at org.testng.SuiteRunnerWorker.run(SuiteRunnerWorker.java:84)
at org.testng.TestNG.runSuitesSequentially(TestNG.java:1208)
at org.testng.TestNG.runSuitesLocally(TestNG.java:1137)
at org.testng.TestNG.runSuites(TestNG.java:1049)
at org.testng.TestNG.run(TestNG.java:1017)
at org.testng.IDEARemoteTestNG.run(IDEARemoteTestNG.java:73)
at org.testng.RemoteTestNGStarter.main(RemoteTestNGStarter.java:123)
]]>
            </full-stacktrace>
          </exception> <!-- java.lang.AssertionError -->
          <reporter-output>
          </reporter-output>
        </test-method> <!-- test1_statesTotalSize48 -->
        <test-method signature="test2_onlyOneStateAge19()[pri:0, instance:com.upgrade.challenge.testing.API.testEndPoints.states@71248c21]" started-at="2019-07-25T23:23:17Z" name="test2_onlyOneStateAge19" finished-at="2019-07-25T23:23:17Z" duration-ms="97" status="PASS">
          <reporter-output>
          </reporter-output>
        </test-method> <!-- test2_onlyOneStateAge19 -->
        <test-method signature="test3_GeorgiaIsOnlyStateHasAmount3005()[pri:0, instance:com.upgrade.challenge.testing.API.testEndPoints.states@71248c21]" started-at="2019-07-25T23:23:17Z" name="test3_GeorgiaIsOnlyStateHasAmount3005" finished-at="2019-07-25T23:23:17Z" duration-ms="46" status="PASS">
          <reporter-output>
          </reporter-output>
        </test-method> <!-- test3_GeorgiaIsOnlyStateHasAmount3005 -->
      </class> <!-- com.upgrade.challenge.testing.API.testEndPoints.states -->
    </test> <!-- API -->
  </suite> <!-- Upgrade_challenge -->
</testng-results>
